d:\snhu school stuff\comp graphic\week 3\3-5 milestone_depenhart\openglsample\release\vc143.pdb
d:\snhu school stuff\comp graphic\week 3\3-5 milestone_depenhart\openglsample\release\sphere.obj
d:\snhu school stuff\comp graphic\week 3\3-5 milestone_depenhart\openglsample\release\source.obj
d:\snhu school stuff\comp graphic\week 3\3-5 milestone_depenhart\openglsample\release\shader.obj
d:\snhu school stuff\comp graphic\week 3\3-5 milestone_depenhart\openglsample\release\cylinder.obj
d:\snhu school stuff\comp graphic\week 3\3-5 milestone_depenhart\openglsample\release\glad.obj
d:\snhu school stuff\comp graphic\week 4\4-5 milestone_depenhart\openglsample\release\vc143.pdb
d:\snhu school stuff\comp graphic\week 4\4-5 milestone_depenhart\openglsample\release\sphere.obj
d:\snhu school stuff\comp graphic\week 4\4-5 milestone_depenhart\openglsample\release\source.obj
d:\snhu school stuff\comp graphic\week 4\4-5 milestone_depenhart\openglsample\release\shader.obj
d:\snhu school stuff\comp graphic\week 4\4-5 milestone_depenhart\openglsample\release\cylinder.obj
d:\snhu school stuff\comp graphic\week 4\4-5 milestone_depenhart\openglsample\release\glad.obj
d:\snhu school stuff\comp graphic\week 4\4-5 milestone_depenhart\openglsample\release\plane.obj
d:\snhu school stuff\comp graphic\week 3\3-5 milestone_depenhart\release\openglsample.exe
d:\snhu school stuff\comp graphic\week 3\3-5 milestone_depenhart\openglsample\release\openglsample.ipdb
d:\snhu school stuff\comp graphic\week 3\3-5 milestone_depenhart\openglsample\release\openglsample.iobj
d:\snhu school stuff\comp graphic\week 3\3-5 milestone_depenhart\release\openglsample.pdb
d:\snhu school stuff\comp graphic\week 4\4-5 milestone_depenhart\release\openglsample.exe
d:\snhu school stuff\comp graphic\week 4\4-5 milestone_depenhart\openglsample\release\openglsample.ipdb
d:\snhu school stuff\comp graphic\week 4\4-5 milestone_depenhart\openglsample\release\openglsample.iobj
d:\snhu school stuff\comp graphic\week 4\4-5 milestone_depenhart\release\openglsample.pdb
d:\snhu school stuff\comp graphic\week 4\4-5 milestone_depenhart\openglsample\release\openglsample.tlog\cl.command.1.tlog
d:\snhu school stuff\comp graphic\week 4\4-5 milestone_depenhart\openglsample\release\openglsample.tlog\cl.read.1.tlog
d:\snhu school stuff\comp graphic\week 4\4-5 milestone_depenhart\openglsample\release\openglsample.tlog\cl.write.1.tlog
d:\snhu school stuff\comp graphic\week 4\4-5 milestone_depenhart\openglsample\release\openglsample.tlog\link.command.1.tlog
d:\snhu school stuff\comp graphic\week 4\4-5 milestone_depenhart\openglsample\release\openglsample.tlog\link.read.1.tlog
d:\snhu school stuff\comp graphic\week 4\4-5 milestone_depenhart\openglsample\release\openglsample.tlog\link.write.1.tlog
